  CircleCollider.cpp
  RectCollider.cpp
  main.cpp
C:\Users\Soker\Documents\GitHub\Programacion2D\Practica5\src\main.cpp(11,9): warning C4067: unexpected tokens following preprocessor directive - expected a newline
C:\Users\Soker\Documents\GitHub\Programacion2D\Practica5\src\main.cpp(64,28): warning C4244: '=': conversion from 'double' to 'float', possible loss of data
C:\Users\Soker\Documents\GitHub\Programacion2D\Practica5\src\main.cpp(65,28): warning C4244: '=': conversion from 'double' to 'float', possible loss of data
C:\Users\Soker\Documents\GitHub\Programacion2D\Practica5\src\main.cpp(82,54): warning C4244: 'argument': conversion from 'double' to 'float', possible loss of data
C:\Users\Soker\Documents\GitHub\Programacion2D\Practica5\src\main.cpp(82,46): warning C4244: 'argument': conversion from 'double' to 'float', possible loss of data
C:\Users\Soker\Documents\GitHub\Programacion2D\Practica5\src\main.cpp(83,52): warning C4244: 'argument': conversion from 'double' to 'float', possible loss of data
C:\Users\Soker\Documents\GitHub\Programacion2D\Practica5\src\main.cpp(83,44): warning C4244: 'argument': conversion from 'double' to 'float', possible loss of data
C:\Users\Soker\Documents\GitHub\Programacion2D\Practica5\src\main.cpp(90,63): warning C4244: 'argument': conversion from 'int' to 'float', possible loss of data
C:\Users\Soker\Documents\GitHub\Programacion2D\Practica5\src\main.cpp(90,51): warning C4244: 'argument': conversion from 'int' to 'float', possible loss of data
C:\Users\Soker\Documents\GitHub\Programacion2D\Practica5\src\main.cpp(97,50): warning C4244: 'argument': conversion from 'double' to 'float', possible loss of data
C:\Users\Soker\Documents\GitHub\Programacion2D\Practica5\src\main.cpp(97,42): warning C4244: 'argument': conversion from 'double' to 'float', possible loss of data
C:\Users\Soker\Documents\GitHub\Programacion2D\Practica5\src\main.cpp(98,78): warning C4244: 'argument': conversion from 'double' to 'float', possible loss of data
C:\Users\Soker\Documents\GitHub\Programacion2D\Practica5\src\main.cpp(98,49): warning C4244: 'argument': conversion from 'double' to 'float', possible loss of data
C:\Users\Soker\Documents\GitHub\Programacion2D\Practica5\src\main.cpp(100,94): warning C4244: 'argument': conversion from 'int' to 'float', possible loss of data
C:\Users\Soker\Documents\GitHub\Programacion2D\Practica5\src\main.cpp(100,81): warning C4244: 'argument': conversion from 'int' to 'float', possible loss of data
C:\Users\Soker\Documents\GitHub\Programacion2D\Practica5\src\main.cpp(101,63): warning C4244: 'argument': conversion from 'int' to 'float', possible loss of data
C:\Users\Soker\Documents\GitHub\Programacion2D\Practica5\src\main.cpp(101,51): warning C4244: 'argument': conversion from 'int' to 'float', possible loss of data
C:\Users\Soker\Documents\GitHub\Programacion2D\Practica5\src\main.cpp(106,66): warning C4244: 'argument': conversion from 'int' to 'float', possible loss of data
C:\Users\Soker\Documents\GitHub\Programacion2D\Practica5\src\main.cpp(106,53): warning C4244: 'argument': conversion from 'int' to 'float', possible loss of data
C:\Users\Soker\Documents\GitHub\Programacion2D\Practica5\src\main.cpp(113,54): warning C4244: 'argument': conversion from 'double' to 'float', possible loss of data
C:\Users\Soker\Documents\GitHub\Programacion2D\Practica5\src\main.cpp(113,46): warning C4244: 'argument': conversion from 'double' to 'float', possible loss of data
  Generating Code...
  programacion2d.vcxproj -> C:\Users\Soker\Documents\GitHub\Programacion2D\Practica5\project\Debug\programacion2d.exe
